[debug] [2025-02-25T19:52:06.084Z] ----------------------------------------------------------------------
[debug] [2025-02-25T19:52:06.086Z] Command:       C:\Program Files\nodejs\node.exe C:\Users\Eldo\AppData\Roaming\npm\node_modules\firebase-tools\lib\bin\firebase.js deploy --only functions
[debug] [2025-02-25T19:52:06.087Z] CLI Version:   13.31.2
[debug] [2025-02-25T19:52:06.087Z] Platform:      win32
[debug] [2025-02-25T19:52:06.087Z] Node Version:  v18.12.1
[debug] [2025-02-25T19:52:06.096Z] Time:          Tue Feb 25 2025 21:52:06 GMT+0200 (за східноєвропейським стандартним часом)
[debug] [2025-02-25T19:52:06.096Z] ----------------------------------------------------------------------
[debug] 
[debug] [2025-02-25T19:52:06.364Z] > command requires scopes: ["email","openid","https://www.googleapis.com/auth/cloudplatformprojects.readonly","https://www.googleapis.com/auth/firebase","https://www.googleapis.com/auth/cloud-platform"]
[debug] [2025-02-25T19:52:06.364Z] > authorizing via signed-in user (shavlakmaryna@gmail.com)
[debug] [2025-02-25T19:52:06.364Z] [iam] checking project dev-interview-hub for permissions ["cloudfunctions.functions.create","cloudfunctions.functions.delete","cloudfunctions.functions.get","cloudfunctions.functions.list","cloudfunctions.functions.update","cloudfunctions.operations.get","firebase.projects.get"]
[debug] [2025-02-25T19:52:06.367Z] Checked if tokens are valid: false, expires at: 1740513008170
[debug] [2025-02-25T19:52:06.367Z] Checked if tokens are valid: false, expires at: 1740513008170
[debug] [2025-02-25T19:52:06.367Z] > refreshing access token with scopes: []
[debug] [2025-02-25T19:52:06.369Z] >>> [apiv2][query] POST https://www.googleapis.com/oauth2/v3/token [none]
[debug] [2025-02-25T19:52:06.369Z] >>> [apiv2][body] POST https://www.googleapis.com/oauth2/v3/token [omitted]
[debug] [2025-02-25T19:52:06.598Z] <<< [apiv2][status] POST https://www.googleapis.com/oauth2/v3/token 200
[debug] [2025-02-25T19:52:06.598Z] <<< [apiv2][body] POST https://www.googleapis.com/oauth2/v3/token [omitted]
[debug] [2025-02-25T19:52:06.646Z] >>> [apiv2][query] POST https://cloudresourcemanager.googleapis.com/v1/projects/dev-interview-hub:testIamPermissions [none]
[debug] [2025-02-25T19:52:06.646Z] >>> [apiv2][(partial)header] POST https://cloudresourcemanager.googleapis.com/v1/projects/dev-interview-hub:testIamPermissions x-goog-quota-user=projects/dev-interview-hub
[debug] [2025-02-25T19:52:06.647Z] >>> [apiv2][body] POST https://cloudresourcemanager.googleapis.com/v1/projects/dev-interview-hub:testIamPermissions {"permissions":["cloudfunctions.functions.create","cloudfunctions.functions.delete","cloudfunctions.functions.get","cloudfunctions.functions.list","cloudfunctions.functions.update","cloudfunctions.operations.get","firebase.projects.get"]}
[debug] [2025-02-25T19:52:07.477Z] <<< [apiv2][status] POST https://cloudresourcemanager.googleapis.com/v1/projects/dev-interview-hub:testIamPermissions 200
[debug] [2025-02-25T19:52:07.477Z] <<< [apiv2][body] POST https://cloudresourcemanager.googleapis.com/v1/projects/dev-interview-hub:testIamPermissions {"permissions":["cloudfunctions.functions.create","cloudfunctions.functions.delete","cloudfunctions.functions.get","cloudfunctions.functions.list","cloudfunctions.functions.update","cloudfunctions.operations.get","firebase.projects.get"]}
[debug] [2025-02-25T19:52:07.477Z] Checked if tokens are valid: true, expires at: 1740516725598
[debug] [2025-02-25T19:52:07.477Z] Checked if tokens are valid: true, expires at: 1740516725598
[debug] [2025-02-25T19:52:07.477Z] >>> [apiv2][query] POST https://iam.googleapis.com/v1/projects/dev-interview-hub/serviceAccounts/dev-interview-hub@appspot.gserviceaccount.com:testIamPermissions [none]
[debug] [2025-02-25T19:52:07.477Z] >>> [apiv2][body] POST https://iam.googleapis.com/v1/projects/dev-interview-hub/serviceAccounts/dev-interview-hub@appspot.gserviceaccount.com:testIamPermissions {"permissions":["iam.serviceAccounts.actAs"]}
